Log file open, 12/07/14 16:08:57
LogInit:Display: Running engine for game: SliderPuzzle
LogInit: Version: 4.6.0-2369412+++depot+UE4-Releases+4.6
LogInit: API Version: 2369412
LogInit: Compiled (64-bit): Nov 24 2014 21:54:04
LogInit: Compiled with Visual C++: 18.00.21005.01
LogInit: Build Configuration: Development
LogInit: Branch Name: ++depot+UE4-Releases+4.6
LogInit: Command line: 
LogInit: Base directory: C:/Program Files/Epic Games/4.6/Engine/Binaries/Win64/
LogInit: Rocket: 1
[2014.12.07-21.08.57:251][  0]LogTaskGraph: Started task graph with 3 named threads and 6 total threads.
[2014.12.07-21.08.57:303][  0]LogOnline:Warning: No default platform service specified for OnlineSubsystem
[2014.12.07-21.08.57:322][  0]LogInit: Presizing for 0 objects not considered by GC, pre-allocating 0 bytes.
[2014.12.07-21.08.57:332][  0]LogInit: Object subsystem initialized
[2014.12.07-21.08.57:335][  0]LogInit: Selected Device Profile: [Windows]
[2014.12.07-21.08.57:335][  0]LogInit: Applying CVar settings loaded from the selected device profile: [Windows]
[2014.12.07-21.08.57:338][  0]LogInit: Computer: ARCHER
[2014.12.07-21.08.57:338][  0]LogInit: User: Esther
[2014.12.07-21.08.57:338][  0]LogInit: CPU Page size=4096, Cores=4
[2014.12.07-21.08.57:338][  0]LogInit: High frequency timer resolution =3.410225 MHz
[2014.12.07-21.08.57:338][  0]LogMemory: Memory total: Physical=15.9GB (16GB approx) Virtual=131072.0GB
[2014.12.07-21.08.57:339][  0]LogMemory: Platform Memory Stats for Windows
[2014.12.07-21.08.57:339][  0]LogMemory: Process Physical Memory: 46.39 MB used, 46.39 MB peak
[2014.12.07-21.08.57:339][  0]LogMemory: Process Virtual Memory: 22.20 MB used, 24.42 MB peak
[2014.12.07-21.08.57:339][  0]LogMemory: Physical Memory: 5159.34 MB used, 16330.93 MB total
[2014.12.07-21.08.57:339][  0]LogMemory: Virtual Memory: 274.29 MB used, 134217728.00 MB total
[2014.12.07-21.08.57:356][  0]LogD3D11RHI: Found D3D11 adapter 0: NVIDIA GeForce GTX 660   (Feature Level 11_0)
[2014.12.07-21.08.57:356][  0]LogD3D11RHI: Adapter has 1989MB of dedicated video memory, 0MB of dedicated system memory, and 2048MB of shared system memory, 1 output[s]
[2014.12.07-21.08.57:356][  0]LogD3D11RHI: Found D3D11 adapter 1: Microsoft Basic Render Driver (Feature Level 11_0)
[2014.12.07-21.08.57:356][  0]LogD3D11RHI: Adapter has 0MB of dedicated video memory, 0MB of dedicated system memory, and 256MB of shared system memory, 0 output[s]
[2014.12.07-21.08.57:357][  0]LogD3D11RHI: Chosen D3D11 Adapter Id = 0
[2014.12.07-21.08.57:360][  0]LogRHI: Texture pool is 1361 MB (70% of 1945 MB)
[2014.12.07-21.08.57:369][  0]LogD3D11RHI: Async texture creation enabled
[2014.12.07-21.08.57:424][  0]LogTextLocalizationManager: The requested culture ('en_US') has no localization data; parent culture's ('en') localization data will be used.
[2014.12.07-21.08.57:547][  0]LogContentStreaming: Texture pool size is 0.000000MB
[2014.12.07-21.09.02:641][  0]LogTargetPlatformManager:Display: Building Assets For Windows
[2014.12.07-21.09.03:017][  0]LogTargetPlatformManager:Display: Building Assets For Windows
[2014.12.07-21.09.03:061][  0]LogDerivedDataCache:Display: Max Cache Size: 512 MB
[2014.12.07-21.09.03:095][  0]LogDerivedDataCache: Loaded boot cache 0.03s 35MB C:/Users/Esther/AppData/Local/UnrealEngine/4.6/DerivedDataCache/Boot.ddc.
[2014.12.07-21.09.03:096][  0]LogDerivedDataCache:Display: Loaded Boot cache: C:/Users/Esther/AppData/Local/UnrealEngine/4.6/DerivedDataCache/Boot.ddc
[2014.12.07-21.09.03:096][  0]LogDerivedDataCache: FDerivedDataBackendGraph:  Pak pak cache file ../../../../../../Users/Esther/Desktop/SliderPuzzle/SliderPuzzle/DerivedDataCache/DDC.ddp not found, will not use a pak cache.
[2014.12.07-21.09.03:096][  0]LogDerivedDataCache: Unable to find inner node Pak for hierarchical cache Hierarchy.
[2014.12.07-21.09.03:158][  0]LogDerivedDataCache:Display: Pak cache opened for reading ../../../Engine/DerivedDataCache/DDC.ddp.
[2014.12.07-21.09.03:170][  0]LogDerivedDataCache: Using Local data cache path C:/Users/Esther/AppData/Local/UnrealEngine/Common/DerivedDataCache: Writable
[2014.12.07-21.09.03:312][  0]LogCollisionProfile:Warning: Profile (UI) - Custom Channel Name = 'Weapon' hasn't been found
[2014.12.07-21.09.03:508][  0]LogMeshUtilities: No automatic mesh reduction module available
[2014.12.07-21.09.03:508][  0]LogMeshUtilities: No automatic mesh merging module available
[2014.12.07-21.09.03:881][  0]LogInit: WinSock: version 1.1 (2.2), MaxSocks=32767, MaxUdp=65467
[2014.12.07-21.09.03:927][  0]LogSlate:Warning: Failed to load font data from '../../../Engine/Content/Slate/Fonts/Roboto-Italic.ttf'
[2014.12.07-21.09.04:715][  0]UdpMessaging: Initializing bridge on interface 0.0.0.0:0 to multicast group 230.0.0.1:6666.
[2014.12.07-21.09.04:869][  0]LogDirectoryWatcher:Warning: Failed to begin reading directory changes for C:/Users/Esther/Desktop/SliderPuzzle/SliderPuzzle/Binaries/Win64. Error: 0
[2014.12.07-21.09.05:062][  0]SourceControl: Info Source control is disabled
[2014.12.07-21.09.05:062][  0]SourceControl: Info Source control is disabled
[2014.12.07-21.09.05:068][  0]SourceControl: Info Source control is disabled
[2014.12.07-21.09.05:161][  0]LogObj: 23754 objects as part of root set at end of initial load.
[2014.12.07-21.09.05:161][  0]LogUObjectAllocator: 5168136 out of 0 bytes used by permanent object pool.
[2014.12.07-21.09.05:210][  0]LogEngine: Initializing Engine...
[2014.12.07-21.09.05:496][  0]LogInit: XAudio2 using '32LD400-4 (NVIDIA High Definition Audio)' : 2 channels at 48 kHz using 16 bits per sample (channel mask 0x3)
[2014.12.07-21.09.05:505][  0]LogInit: FAudioDevice initialized.
[2014.12.07-21.09.05:521][  0]LogAIModule: Creating AISystem for world NewWorld
[2014.12.07-21.09.05:552][  0]LogDerivedDataCache: Saved boot cache 0.03s 53MB C:/Users/Esther/AppData/Local/UnrealEngine/4.6/DerivedDataCache/Boot.ddc.
[2014.12.07-21.09.05:558][  0]LogInit: Texture streaming: Enabled
[2014.12.07-21.09.05:587][  0]LogAnalytics: Creating configured Analytics provider AnalyticsET
[2014.12.07-21.09.05:587][  0]LogAnalytics: ET APIKey = Rocket.Release. APIServer = http://et2.epicgames.com/ET2/. AppVersion = 4.6.0-2369412+++depot+UE4-Releases+4.6
[2014.12.07-21.09.05:588][  0]LogAnalytics: SetUserId 70beb0383841c0a2e9ed774eed08f711
[2014.12.07-21.09.05:588][  0]LogAnalytics: AnalyticsET::StartSession [Rocket.Release]
[2014.12.07-21.09.05:600][  0]LogInit: Transaction tracking system initialized
[2014.12.07-21.09.05:671][  0]BlueprintLog: New page: Editor Load
[2014.12.07-21.09.05:697][  0]LogAssetRegistry: FAssetRegistry took 0.0108 seconds to start up
[2014.12.07-21.09.05:697][  0]LogDirectoryWatcher:Warning: Failed to begin reading directory changes for ../../../Engine/Plugins/Experimental/CharacterAI/Content/. Error: 0
[2014.12.07-21.09.06:127][  0]LogTargetPlatformManager:Display: Building Assets For Windows
[2014.12.07-21.09.06:472][  0]LogTargetPlatformManager:Display: Building Assets For Windows
[2014.12.07-21.09.08:304][  0]LogConsoleResponse:Display: 
[2014.12.07-21.09.08:344][  0]LogLinker:Warning: Asset '../../../Engine/Content/Functions/Engine_MaterialFunctions03/Procedurals/ComputeFilterWidth.uasset' has been saved with empty engine version. The asset will be loaded but may be incompatible.
[2014.12.07-21.09.08:502][  0]SourceControl: Info Source control is disabled
[2014.12.07-21.09.08:503][  0]Cmd: MAP LOAD FILE="../../../../../../Users/Esther/Desktop/SliderPuzzle/SliderPuzzle/Content/Maps/Example_Map.umap" TEMPLATE=0 SHOWPROGRESS=1
[2014.12.07-21.09.08:503][  0]LightingResults: New page: Lighting Build
[2014.12.07-21.09.08:510][  0]MapCheck: New page: Map Check
[2014.12.07-21.09.08:510][  0]LightingResults: New page: Lighting Build
[2014.12.07-21.09.08:516][  0]LogParticles: Destroying 0 GPU particle simulations for FXSystem 0x0000002B664F14E0
[2014.12.07-21.09.08:812][  0]LogEditorServer: Finished looking for orphan Actors (0.000 secs)
[2014.12.07-21.09.08:812][  0]LogAIModule: Creating AISystem for world Example_Map
[2014.12.07-21.09.08:812][  0]Cmd: MAP CHECKDEP
[2014.12.07-21.09.08:812][  0]MapCheck: New page: Example_Map - Dec 7, 2014, 11:09:08 AM
[2014.12.07-21.09.08:878][  0]MapCheck: Info Map check complete: 0 Error(s), 0 Warning(s), took 66.216ms to complete.
[2014.12.07-21.09.08:878][  0]LogFileHelpers: Loading map 'Example_Map' took 0.376
[2014.12.07-21.09.08:948][  0]LogCollectionManager: Loaded 0 collections in 0.000832 seconds
[2014.12.07-21.09.09:026][  0]LogCrashTracker: Crashtracker disabled due to settings.
[2014.12.07-21.09.09:031][  0]LogUObjectGlobals:Warning: Failed to find object 'Class None.'
[2014.12.07-21.09.09:058][  0]LogLoad: Full Startup: 13.57 seconds (BP compile: 0.04 seconds)
[2014.12.07-21.09.09:533][  0]LogRenderer:Warning: Reallocating scene render targets to support 1136x904.
[2014.12.07-21.09.10:400][  3]LogAssetRegistry: Asset discovery search completed in 4.7147 seconds
[2014.12.07-21.09.27:190][368]LogPlayLevel: PIE:  No blueprints needed recompiling
[2014.12.07-21.09.27:190][368]PIE: New page: PIE session: Example_Map (Dec 7, 2014, 11:09:27 AM)
[2014.12.07-21.09.27:219][368]LogPlayLevel: PIE: StaticDuplicateObject took: (0.028259s)
[2014.12.07-21.09.27:220][368]LogPlayLevel: PIE: World Init took: (0.001163s)
[2014.12.07-21.09.27:220][368]LogPlayLevel: PIE: Created PIE world by copying editor world from /Game/Maps/Example_Map.Example_Map to /Game/Maps/UEDPIE_0_Example_Map.Example_Map (0.029756s)
[2014.12.07-21.09.27:472][368]LogWorld: Game class is 'MyGame_C'
[2014.12.07-21.09.27:474][368]LogAIModule: Creating AISystem for world Example_Map
[2014.12.07-21.09.27:476][368]LogWorld: Bringing World /Game/Maps/UEDPIE_0_Example_Map.Example_Map up for play (max tick rate 0) at 2014.12.07-16.09.27
[2014.12.07-21.09.27:476][368]LogWorld: Bringing up level for play took: 0.001442
[2014.12.07-21.09.27:510][368]PIE: Info Play in editor start time for /Game/Maps/UEDPIE_0_Example_Map 0.27
[2014.12.07-21.09.28:380][457]LogParticles: Destroying 0 GPU particle simulations for FXSystem 0x0000002B64605800
[2014.12.07-21.13.29:776][391]LogEditorViewport: Clicking on Actor (LMB): CameraActor (CameraActor)
[2014.12.07-21.13.33:501][687]LogEditorViewport: Clicking on Actor (LMB): CameraActor (CameraActor)
[2014.12.07-21.13.33:596][688]LogEditorViewport: Clicking on Actor (double click): CameraActor (CameraActor)
[2014.12.07-21.13.34:173][733]Cmd: DELETE
[2014.12.07-21.13.34:174][733]Cmd: ACTOR DELETE
[2014.12.07-21.13.34:174][733]LogEditorActor: Deleted Actor: CameraActor
[2014.12.07-21.13.34:220][733]LogEditorActor: Deleted 1 Actors (0.046 secs)
[2014.12.07-21.13.37:892][102]LogContentBrowser:Verbose: The content browser source was changed by the sources view to '/Game/Animations'
[2014.12.07-21.13.38:330][131]LogContentBrowser:Verbose: The content browser source was changed by the sources view to '/Game/Blueprints'
[2014.12.07-21.13.44:445][692]LogPropertyNode:Warning: UI Min (0.001) >= UI Max () for Ranged Numeric
[2014.12.07-21.13.44:448][692]LogPropertyNode:Warning: UI Min (0.001) >= UI Max () for Ranged Numeric
[2014.12.07-21.13.44:497][692]LogPropertyNode:Warning: UI Min (0.001) >= UI Max () for Ranged Numeric
[2014.12.07-21.13.44:497][692]LogPropertyNode:Warning: UI Min (0.001) >= UI Max () for Ranged Numeric
[2014.12.07-21.13.53:974][250]LogContentBrowser:Verbose: The content browser source was changed by the sources view to '/Game/Blueprints'
[2014.12.07-21.14.07:487][215]LogPropertyNode:Warning: UI Min (0.001) >= UI Max () for Ranged Numeric
[2014.12.07-21.14.07:488][215]LogPropertyNode:Warning: UI Min (0.001) >= UI Max () for Ranged Numeric
[2014.12.07-21.14.19:351][176]LogPropertyNode:Warning: UI Min (0.001) >= UI Max () for Ranged Numeric
[2014.12.07-21.14.19:352][176]LogPropertyNode:Warning: UI Min (0.001) >= UI Max () for Ranged Numeric
[2014.12.07-21.14.19:372][176]LogActorComponent: UnregisterComponent: (/Engine/Transient.CharacterMovementComponent_0) Not registered. Aborting.
[2014.12.07-21.14.19:372][176]LogActorComponent: UnregisterComponent: (/Engine/Transient.CharacterMovementComponent_1) Not registered. Aborting.
[2014.12.07-21.14.29:897][993]BlueprintLog: New page: Compile Overhead_CHARA
[2014.12.07-21.14.29:914][993]LogPropertyNode:Warning: UI Min (0.001) >= UI Max () for Ranged Numeric
[2014.12.07-21.14.29:915][993]LogPropertyNode:Warning: UI Min (0.001) >= UI Max () for Ranged Numeric
[2014.12.07-21.14.29:961][993]LogActorComponent: UnregisterComponent: (/Engine/Transient.CharacterMovementComponent_2) Not registered. Aborting.
[2014.12.07-21.14.30:007][993]LogPropertyNode:Warning: UI Min (0.001) >= UI Max () for Ranged Numeric
[2014.12.07-21.14.30:007][993]LogPropertyNode:Warning: UI Min (0.001) >= UI Max () for Ranged Numeric
[2014.12.07-21.14.30:031][993]BlueprintEditorCompileResults: Info [0334.55] Compile of Overhead_CHARA successful! [in 133 ms]
[2014.12.07-21.14.30:728][ 43]Cmd: OBJ SAVEPACKAGE PACKAGE="/Game/Blueprints/Overhead_CHARA" FILE="../../../../../../Users/Esther/Desktop/SliderPuzzle/SliderPuzzle/Content/Blueprints/Overhead_CHARA.uasset" SILENT=true
[2014.12.07-21.14.31:072][ 43]LogSavePackage: Save=343.260620ms
[2014.12.07-21.14.31:072][ 43]LogSavePackage: Moving '../../../../../../Users/Esther/Desktop/SliderPuzzle/SliderPuzzle/Saved/Overhead_CHARA0F4CFAA343A1D1331753AB90E6C716D9.tmp' to '../../../../../../Users/Esther/Desktop/SliderPuzzle/SliderPuzzle/Content/Blueprints/Overhead_CHARA.uasset'
[2014.12.07-21.14.32:137][125]Cmd: OBJ SAVEPACKAGE PACKAGE="/Game/Blueprints/Overhead_CHARA" FILE="../../../../../../Users/Esther/Desktop/SliderPuzzle/SliderPuzzle/Content/Blueprints/Overhead_CHARA.uasset" SILENT=true
[2014.12.07-21.14.32:158][125]LogSavePackage: Save=10.629797ms
[2014.12.07-21.14.32:158][125]LogSavePackage: Moving '../../../../../../Users/Esther/Desktop/SliderPuzzle/SliderPuzzle/Saved/Overhead_CHARA0066B9AC4FAFE0564265088D7CC9B6C9.tmp' to '../../../../../../Users/Esther/Desktop/SliderPuzzle/SliderPuzzle/Content/Blueprints/Overhead_CHARA.uasset'
[2014.12.07-21.14.33:788][246]Cmd: OBJ SAVEPACKAGE PACKAGE="/Game/Blueprints/MyCharacter" FILE="../../../../../../Users/Esther/Desktop/SliderPuzzle/SliderPuzzle/Content/Blueprints/MyCharacter.uasset" SILENT=true
[2014.12.07-21.14.34:107][246]LogSavePackage: Save=315.344879ms
[2014.12.07-21.14.34:107][246]LogSavePackage: Moving '../../../../../../Users/Esther/Desktop/SliderPuzzle/SliderPuzzle/Saved/MyCharacter8AEB924D4B527753E066CC80779C429D.tmp' to '../../../../../../Users/Esther/Desktop/SliderPuzzle/SliderPuzzle/Content/Blueprints/MyCharacter.uasset'
[2014.12.07-21.14.59:857][901]BlueprintLog: New page: Pre-PIE auto-recompile
[2014.12.07-21.14.59:860][901]LogPlayLevel: [PIE] Compiling Tutorial_BP_MacroLib before PIE...
[2014.12.07-21.14.59:892][901]LogActorComponent: UnregisterComponent: (/Engine/Transient.CharacterMovementComponent_3) Not registered. Aborting.
[2014.12.07-21.14.59:892][901]LogActorComponent: UnregisterComponent: (/Engine/Transient.CharacterMovementComponent_4) Not registered. Aborting.
[2014.12.07-21.14.59:906][901]LogParticles: Destroying 0 GPU particle simulations for FXSystem 0x0000002B7B7BCEA0
[2014.12.07-21.14.59:908][901]LogPlayLevel: PIE:  Blueprint regeneration took 50 ms (1 blueprints)
[2014.12.07-21.14.59:908][901]PIE: New page: PIE session: Example_Map (Dec 7, 2014, 11:14:59 AM)
[2014.12.07-21.14.59:932][901]LogPlayLevel: PIE: StaticDuplicateObject took: (0.023474s)
[2014.12.07-21.14.59:934][901]LogPlayLevel: PIE: World Init took: (0.002271s)
[2014.12.07-21.14.59:934][901]LogPlayLevel: PIE: Created PIE world by copying editor world from /Game/Maps/Example_Map.Example_Map to /Game/Maps/UEDPIE_0_Example_Map.Example_Map (0.025951s)
[2014.12.07-21.15.00:001][901]LogWorld: Game class is 'MyGame_C'
[2014.12.07-21.15.00:002][901]LogAIModule: Creating AISystem for world Example_Map
[2014.12.07-21.15.00:003][901]LogWorld: Bringing World /Game/Maps/UEDPIE_0_Example_Map.Example_Map up for play (max tick rate 0) at 2014.12.07-16.15.00
[2014.12.07-21.15.00:004][901]LogWorld: Bringing up level for play took: 0.001232
[2014.12.07-21.15.00:005][901]PIE: Info Play in editor start time for /Game/Maps/UE